<?xml version="1.0" encoding="UTF-8"?>
<!-- Generated by org.testng.reporters.JUnitReportReporter -->
<testsuite hostname="Lee.local" failures="0" tests="2" name="com.bankbazaar.automation.SeleniumTest" time="0.001" errors="0" timestamp="18 Mar 2019 17:24:04 GMT" skipped="0">
  <testcase classname="com.bankbazaar.automation.SeleniumTest" name="seleniumURLLoad" time="0.001"/>
  <testcase classname="com.bankbazaar.automation.SeleniumTest" name="seleniumTest" time="0.000"/>
</testsuite> <!-- com.bankbazaar.automation.SeleniumTest -->
