<?xml version="1.0" encoding="UTF-8"?>
<!-- Generated by org.testng.reporters.JUnitReportReporter -->
<testsuite hostname="Lee.local" failures="0" tests="1" name="com.bankbazaar.automation.SampleTest" time="0.009" errors="0" timestamp="18 Mar 2019 17:24:04 GMT" skipped="0">
  <testcase classname="com.bankbazaar.automation.SampleTest" name="sample1" time="0.009"/>
</testsuite> <!-- com.bankbazaar.automation.SampleTest -->
