<?xml version="1.0" encoding="UTF-8"?>
<!-- Generated by org.testng.reporters.JUnitReportReporter -->
<testsuite hostname="Lee.local" failures="0" tests="1" name="com.bankbazaar.automation.AppTest" time="0.025" errors="0" timestamp="18 Mar 2019 17:24:05 GMT" skipped="0">
  <testcase classname="com.bankbazaar.automation.AppTest" name="testApp" time="0.025"/>
</testsuite> <!-- com.bankbazaar.automation.AppTest -->
