<?xml version="1.0" encoding="UTF-8"?>
<!-- Generated by org.testng.reporters.JUnitReportReporter -->
<testsuite hostname="Lee.local" failures="0" tests="1" name="com.bankbazaar.automation.SampleTest" time="0.007" errors="0" timestamp="19 Mar 2019 18:19:38 GMT">
  <testcase classname="com.bankbazaar.automation.SampleTest" name="sample1" time="0.007"/>
</testsuite> <!-- com.bankbazaar.automation.SampleTest -->
